0 info it worked if it ends with ok
1 verbose cli [ 'C:\\Program Files\\nodejs\\node.exe',
1 verbose cli   'E:\\exercise\\8-node.js\\nvm\\npm\\node_modules\\npm\\bin\\npm-cli.js',
1 verbose cli   'start' ]
2 info using npm@4.0.2
3 info using node@v6.9.1
4 verbose run-script [ 'prestart', 'start', 'poststart' ]
5 info lifecycle reactdemo@1.0.0~prestart: reactdemo@1.0.0
6 silly lifecycle reactdemo@1.0.0~prestart: no script for prestart, continuing
7 info lifecycle reactdemo@1.0.0~start: reactdemo@1.0.0
8 verbose lifecycle reactdemo@1.0.0~start: unsafe-perm in lifecycle true
9 verbose lifecycle reactdemo@1.0.0~start: PATH: E:\exercise\8-node.js\nvm\npm\node_modules\npm\bin\node-gyp-bin;E:\exercise\8-node.js\react\node_modules\.bin;C:\Ruby22\bin;C:\Program Files (x86)\Common Files\NetSarang;C:\Windows\system32;C:\Windows;C:\Windows\System32\Wbem;C:\Windows\System32\WindowsPowerShell\v1.0\;C:\Program Files\Java\jdk1.7.0_80\bin;C:\Program Files\Java\jdk1.7.0_80\jre\bin;C:\program files (x86)\skype\Phone\;C:\Program Files\nodejs\;C:\Users\Administrator\AppData\Roaming\npm;E:\exercise\8-node.js\nvm;E:\exercise\8-node.js\nodejs;E:\exercise\8-node.js\nvm\npm;C:\Program Files (x86)\Microsoft VS Code\bin;C:\Windows\system32;C:\Windows;C:\Program Files (x86)\MaShang6\bin;C:\Program Files\MongoDB\Server\3.4\bin
10 verbose lifecycle reactdemo@1.0.0~start: CWD: E:\exercise\8-node.js\react
11 silly lifecycle reactdemo@1.0.0~start: Args: [ '/d /s /c', 'webpack-dev-server' ]
12 verbose stack Error: kill ENOSYS
12 verbose stack     at exports._errnoException (util.js:1026:11)
12 verbose stack     at process.kill (internal/process.js:172:13)
12 verbose stack     at process.listener (E:\exercise\8-node.js\nvm\npm\node_modules\npm\node_modules\npmlog\node_modules\gauge\node_modules\signal-exit\index.js:86:15)
12 verbose stack     at emitNone (events.js:91:20)
12 verbose stack     at process.emit (events.js:185:7)
12 verbose stack     at processEmit (E:\exercise\8-node.js\nvm\npm\node_modules\npm\node_modules\npmlog\node_modules\gauge\node_modules\signal-exit\index.js:146:32)
12 verbose stack     at processEmit (E:\exercise\8-node.js\nvm\npm\node_modules\npm\node_modules\npm-registry-client\node_modules\npmlog\node_modules\gauge\node_modules\signal-exit\index.js:146:32)
12 verbose stack     at Signal.wrap.onsignal (internal/process.js:199:44)
13 verbose cwd E:\exercise\8-node.js\react
14 error Windows_NT 6.1.7601
15 error argv "C:\\Program Files\\nodejs\\node.exe" "E:\\exercise\\8-node.js\\nvm\\npm\\node_modules\\npm\\bin\\npm-cli.js" "start"
16 error node v6.9.1
17 error npm  v4.0.2
18 error code ENOSYS
19 error errno ENOSYS
20 error syscall kill
21 error kill ENOSYS
22 error If you need help, you may report this error at:
22 error     <https://github.com/npm/npm/issues>
23 verbose exit [ 1, true ]
